<?xml version="1.0" encoding="UTF-8"?>
<!-- Generated by org.testng.reporters.JUnitXMLReporter -->
<testsuite hostname="LAPTOP-F72VL5U5" ignored="2" name="Test" tests="2" failures="0" timestamp="2020-04-30T01:20:55 EDT" time="29.831" errors="0">
  <testcase name="SearchText" time="6.096" classname="test.testCases.SearchPageTestCases"/>
  <testcase name="SearchTextOne" time="6.274" classname="test.testCases.SearchPageTestCasesOne"/>
  <testcase name="@BeforeSuite setupBrowser" time="0.0" classname="test.testCases.BaseTest">
    <ignored/>
  </testcase> <!-- @BeforeSuite setupBrowser -->
  <testcase name="SearchText" time="0.0" classname="test.testCases.SearchPageTestCasesOne">
    <ignored/>
  </testcase> <!-- SearchText -->
</testsuite> <!-- Test -->
