<?xml version="1.0" encoding="UTF-8"?>
<!-- Generated by org.testng.reporters.JUnitXMLReporter -->
<testsuite hostname="LAPTOP-F72VL5U5" ignored="0" name="TestOnChrome" tests="3" failures="1" timestamp="2020-05-04T21:50:40 EDT" time="24.119" errors="0">
  <testcase name="testF1" time="0.013" classname="test.testCases.retryFailedDemo"/>
  <testcase name="testF2" time="4.577" classname="test.testCases.retryFailedDemo">
    <failure type="java.lang.ArithmeticException" message="/ by zero">
      <![CDATA[java.lang.ArithmeticException: / by zero
at test.testCases.retryFailedDemo.testF2(retryFailedDemo.java:22)
at java.util.ArrayList.forEach(ArrayList.java:1257)
at java.util.concurrent.FutureTask.run(FutureTask.java:266)
at java.util.concurrent.ThreadPoolExecutor.runWorker(ThreadPoolExecutor.java:1149)
at java.util.concurrent.ThreadPoolExecutor$Worker.run(ThreadPoolExecutor.java:624)
at java.lang.Thread.run(Thread.java:748)
... Removed 18 stack frames]]>
    </failure>
  </testcase> <!-- testF2 -->
  <testcase name="testF3" time="0.003" classname="test.testCases.retryFailedDemo"/>
</testsuite> <!-- TestOnChrome -->
