<?xml version="1.0" encoding="UTF-8"?>
<!-- Generated by org.testng.reporters.JUnitXMLReporter -->
<testsuite hostname="LAPTOP-F72VL5U5" ignored="2" name="TestOnFireFox" tests="3" failures="0" timestamp="2020-05-01T01:26:20 EDT" time="19.293" errors="0">
  <testcase name="test1" time="1.645" classname="test.testCases.SearchPageTestCases"/>
  <testcase name="test1" time="1.691" classname="test.testCases.SearchPageTestCasesOne"/>
  <testcase name="test2" time="1.715" classname="test.testCases.SearchPageTestCasesOne"/>
  <testcase name="@BeforeSuite setupBrowser" time="0.0" classname="test.testCases.BaseTest">
    <ignored/>
  </testcase> <!-- @BeforeSuite setupBrowser -->
  <testcase name="test3" time="0.0" classname="test.testCases.SearchPageTestCasesOne">
    <ignored/>
  </testcase> <!-- test3 -->
</testsuite> <!-- TestOnFireFox -->
