<?xml version="1.0" encoding="UTF-8"?>
<testng-results skipped="0" failed="0" ignored="3" total="4" passed="1">
  <reporter-output>
  </reporter-output>
  <suite name="Suite" duration-ms="43" started-at="2020-05-05T00:04:25 EDT" finished-at="2020-05-05T00:04:25 EDT">
    <groups>
      <group name="smoke">
        <method signature="GroupTest1.test3()[pri:0, instance:test.testCases.GroupTest1@1757cd72]" name="test3" class="test.testCases.GroupTest1"/>
      </group> <!-- smoke -->
    </groups>
    <test name="TestOnFireFox" duration-ms="43" started-at="2020-05-05T00:04:25 EDT" finished-at="2020-05-05T00:04:25 EDT">
      <class name="test.testCases.GroupTest1">
        <test-method status="PASS" signature="test3()[pri:0, instance:test.testCases.GroupTest1@1757cd72]" name="test3" duration-ms="15" started-at="2020-05-05T00:04:25 EDT" finished-at="2020-05-05T00:04:25 EDT">
          <reporter-output>
          </reporter-output>
        </test-method> <!-- test3 -->
      </class> <!-- test.testCases.GroupTest1 -->
    </test> <!-- TestOnFireFox -->
  </suite> <!-- Suite -->
</testng-results>
