<?xml version="1.0" encoding="UTF-8"?>
<!-- Generated by org.testng.reporters.JUnitXMLReporter -->
<testsuite hostname="LAPTOP-F72VL5U5" ignored="0" name="Default test" tests="10" failures="0" timestamp="2020-05-04T23:48:56 EDT" time="2.049" errors="0">
  <testcase name="test1" time="0.004" classname="test.testCases.DataProviderTests"/>
  <testcase name="test1" time="0.001" classname="test.testCases.DataProviderTests"/>
  <testcase name="test" time="2.001" classname="test.testCases.DataProviderTests"/>
  <testcase name="test" time="2.002" classname="test.testCases.DataProviderTests"/>
  <testcase name="test" time="2.002" classname="test.testCases.DataProviderTests"/>
  <testcase name="test" time="2.003" classname="test.testCases.DataProviderTests"/>
  <testcase name="test" time="2.003" classname="test.testCases.DataProviderTests"/>
  <testcase name="test" time="2.004" classname="test.testCases.DataProviderTests"/>
  <testcase name="test2" time="0.001" classname="test.testCases.DataProviderTests"/>
  <testcase name="test2" time="0.001" classname="test.testCases.DataProviderTests"/>
</testsuite> <!-- Default test -->
